2023-07-13 15:07:24,319 [main] INFO  o.e.m.w.i.f.ResourceFilteringBuildParticipant - Cleaning filtered folder for egov_dept
2023-07-13 15:07:24,598 [Worker-50: Building] INFO  o.e.m.w.i.f.ResourceFilteringBuildParticipant - Changed resources require a complete clean of filtered resources of egov_dept
2023-07-13 15:07:24,599 [Worker-50: Building] INFO  o.e.m.w.i.f.ResourceFilteringBuildParticipant - Executing resource filtering for egov_dept
2023-07-13 15:19:59,294 [Worker-50: Building] INFO  o.e.m.w.i.f.ResourceFilteringBuildParticipant - Changed resources require a complete clean of filtered resources of egov_dept
2023-07-13 15:19:59,294 [Worker-50: Building] INFO  o.e.m.w.i.f.ResourceFilteringBuildParticipant - Executing resource filtering for egov_dept
2023-07-13 16:02:39,453 [Worker-102: Building] INFO  o.e.m.w.i.f.ResourceFilteringBuildParticipant - Changed resources require a complete clean of filtered resources of egov_dept
2023-07-13 16:02:39,453 [Worker-102: Building] INFO  o.e.m.w.i.f.ResourceFilteringBuildParticipant - Executing resource filtering for egov_dept
2023-07-13 17:33:03,110 [main] INFO  o.e.m.w.i.f.ResourceFilteringBuildParticipant - Cleaning filtered folder for egov_test_emp
2023-07-13 17:33:03,413 [Worker-151: Building] INFO  o.e.m.w.i.f.ResourceFilteringBuildParticipant - Changed resources require a complete clean of filtered resources of egov_test_emp
2023-07-13 17:33:03,413 [Worker-151: Building] INFO  o.e.m.w.i.f.ResourceFilteringBuildParticipant - Executing resource filtering for egov_test_emp
2023-07-13 17:34:16,574 [Worker-154: Building] INFO  o.e.m.w.i.f.ResourceFilteringBuildParticipant - Changed resources require a complete clean of filtered resources of egov_test_emp
2023-07-13 17:34:16,574 [Worker-154: Building] INFO  o.e.m.w.i.f.ResourceFilteringBuildParticipant - Executing resource filtering for egov_test_emp
2023-07-13 17:37:09,211 [Worker-154: Building] INFO  o.e.m.w.i.f.ResourceFilteringBuildParticipant - Changed resources require a complete clean of filtered resources of egov_test_emp
2023-07-13 17:37:09,211 [Worker-154: Building] INFO  o.e.m.w.i.f.ResourceFilteringBuildParticipant - Executing resource filtering for egov_test_emp
2023-07-14 13:12:34,361 [Worker-84: Synchronizing projects] WARN  org.eclipse.jgit.lib.Repository - close() called when useCnt is already zero for Repository[C:\Users\GGG\git\.git]
2023-07-14 13:12:34,527 [Worker-87: Building] INFO  o.e.m.w.i.f.ResourceFilteringBuildParticipant - Changed resources require a complete clean of filtered resources of egov_test_emp
2023-07-14 13:12:34,527 [Worker-87: Building] INFO  o.e.m.w.i.f.ResourceFilteringBuildParticipant - Executing resource filtering for egov_test_emp
2023-07-14 16:27:55,285 [Worker-4: Updating Maven Project] INFO  o.e.m.w.i.f.ResourceFilteringBuildParticipant - Cleaning filtered folder for egov_test_emp
2023-07-14 16:27:55,834 [Worker-2: Building] INFO  o.e.m.w.i.f.ResourceFilteringBuildParticipant - Changed resources require a complete clean of filtered resources of egov_test_emp
2023-07-14 16:27:55,835 [Worker-2: Building] INFO  o.e.m.w.i.f.ResourceFilteringBuildParticipant - Executing resource filtering for egov_test_emp
2023-07-17 11:53:01,868 [main] INFO  o.e.m.w.i.f.ResourceFilteringBuildParticipant - Cleaning filtered folder for egov_test_item
2023-07-17 11:53:02,294 [Worker-56: Building] INFO  o.e.m.w.i.f.ResourceFilteringBuildParticipant - Changed resources require a complete clean of filtered resources of egov_test_item
2023-07-17 11:53:02,294 [Worker-56: Building] INFO  o.e.m.w.i.f.ResourceFilteringBuildParticipant - Executing resource filtering for egov_test_item
2023-07-17 11:54:46,388 [Worker-59: Building] INFO  o.e.m.w.i.f.ResourceFilteringBuildParticipant - Changed resources require a complete clean of filtered resources of egov_test_item
2023-07-17 11:54:46,388 [Worker-59: Building] INFO  o.e.m.w.i.f.ResourceFilteringBuildParticipant - Executing resource filtering for egov_test_item
2023-07-17 11:55:27,010 [Worker-59: Building] INFO  o.e.m.w.i.f.ResourceFilteringBuildParticipant - Changed resources require a complete clean of filtered resources of egov_test_item
2023-07-17 11:55:27,010 [Worker-59: Building] INFO  o.e.m.w.i.f.ResourceFilteringBuildParticipant - Executing resource filtering for egov_test_item
2023-07-17 13:02:02,769 [Worker-79: Building] INFO  o.e.m.w.i.f.ResourceFilteringBuildParticipant - Changed resources require a complete clean of filtered resources of egov_test_item
2023-07-17 13:02:02,769 [Worker-79: Building] INFO  o.e.m.w.i.f.ResourceFilteringBuildParticipant - Executing resource filtering for egov_test_item
2023-07-17 15:35:10,609 [main] INFO  o.e.m.w.i.f.ResourceFilteringBuildParticipant - Cleaning filtered folder for egov_test_member
2023-07-17 15:35:10,863 [Worker-143: Building] INFO  o.e.m.w.i.f.ResourceFilteringBuildParticipant - Changed resources require a complete clean of filtered resources of egov_test_member
2023-07-17 15:35:10,863 [Worker-143: Building] INFO  o.e.m.w.i.f.ResourceFilteringBuildParticipant - Executing resource filtering for egov_test_member
2023-07-17 15:37:18,063 [Worker-147: Building] INFO  o.e.m.w.i.f.ResourceFilteringBuildParticipant - Changed resources require a complete clean of filtered resources of egov_test_member
2023-07-17 15:37:18,063 [Worker-147: Building] INFO  o.e.m.w.i.f.ResourceFilteringBuildParticipant - Executing resource filtering for egov_test_member
